Figwheel: focusing on build-ids (dev)
[0mCompiling "resources/public/js/compiled/hello_cljs.js" from ["src"]...
[32mSuccessfully compiled "resources/public/js/compiled/hello_cljs.js" in 0.13 seconds.[0m
notifying browser that file changed:  resources/public/js/compiled/out/goog/deps.js
notifying browser that file changed:  resources/public/js/compiled/out/cljs_deps.js
notifying browser that file changed:  /hello_cljs/core.js
Figwheel: focusing on build-ids (dev)
[0mCompiling "resources/public/js/compiled/hello_cljs.js" from ["src"]...
[32mSuccessfully compiled "resources/public/js/compiled/hello_cljs.js" in 0.128 seconds.[0m
notifying browser that file changed:  resources/public/js/compiled/out/goog/deps.js
notifying browser that file changed:  resources/public/js/compiled/out/cljs_deps.js
notifying browser that file changed:  /hello_cljs/core.js
Figwheel: focusing on build-ids (dev)
[0mCompiling "resources/public/js/compiled/hello_cljs.js" from ["src"]...
[32mSuccessfully compiled "resources/public/js/compiled/hello_cljs.js" in 0.117 seconds.[0m
notifying browser that file changed:  resources/public/js/compiled/out/goog/deps.js
notifying browser that file changed:  resources/public/js/compiled/out/cljs_deps.js
notifying browser that file changed:  /hello_cljs/core.js
Figwheel: focusing on build-ids (dev)
[0mCompiling "resources/public/js/compiled/hello_cljs.js" from ["src"]...
[32mSuccessfully compiled "resources/public/js/compiled/hello_cljs.js" in 0.136 seconds.[0m
notifying browser that file changed:  resources/public/js/compiled/out/goog/deps.js
notifying browser that file changed:  resources/public/js/compiled/out/cljs_deps.js
notifying browser that file changed:  /hello_cljs/core.js
[0mCompiling "resources/public/js/compiled/hello_cljs.js" from ["src"]...
[32mSuccessfully compiled "resources/public/js/compiled/hello_cljs.js" in 0.127 seconds.[0m
notifying browser that file changed:  resources/public/js/compiled/out/cljs_deps.js
notifying browser that file changed:  /hello_cljs/core.js
[0mCompiling "resources/public/js/compiled/hello_cljs.js" from ["src"]...
[32mSuccessfully compiled "resources/public/js/compiled/hello_cljs.js" in 0.092 seconds.[0m
notifying browser that file changed:  resources/public/js/compiled/out/cljs_deps.js
notifying browser that file changed:  /hello_cljs/core.js
[0mCompiling "resources/public/js/compiled/hello_cljs.js" from ["src"]...
[32mSuccessfully compiled "resources/public/js/compiled/hello_cljs.js" in 4.911 seconds.[0m
notifying browser that file changed:  /hello_cljs/core.js
[0mCompiling "resources/public/js/compiled/hello_cljs.js" from ["src"]...
[32mSuccessfully compiled "resources/public/js/compiled/hello_cljs.js" in 0.081 seconds.[0m
notifying browser that file changed:  resources/public/js/compiled/out/cljs_deps.js
notifying browser that file changed:  /hello_cljs/core.js
[0mCompiling "resources/public/js/compiled/hello_cljs.js" from ["src"]...
[32mSuccessfully compiled "resources/public/js/compiled/hello_cljs.js" in 0.076 seconds.[0m
notifying browser that file changed:  /hello_cljs/core.js
[0mCompiling "resources/public/js/compiled/hello_cljs.js" from ["src"]...
[31mCompiling "resources/public/js/compiled/hello_cljs.js" failed.[0m
clojure.lang.ExceptionInfo: failed compiling file:src/hello_cljs/core.cljs
 at clojure.core$ex_info.invoke (core.clj:4593)
    cljs.compiler$compile_file$fn__3059.invoke (compiler.cljc:1146)
    cljs.compiler$compile_file.invoke (compiler.cljc:1109)
    cljs.compiler$compile_root.invoke (compiler.cljc:1181)
    cljs.closure$compile_dir.invoke (closure.clj:385)
    cljs.closure$eval3467$fn__3468.invoke (closure.clj:425)
    cljs.closure$eval3420$fn__3421$G__3411__3428.invoke (closure.clj:331)
    cljs.closure$eval3480$fn__3481.invoke (closure.clj:439)
    cljs.closure$eval3420$fn__3421$G__3411__3428.invoke (closure.clj:331)
    clojurescript_build.core.CompilableSourcePaths/fn (core.clj:20)
    clojure.lang.PersistentVector.reduce (PersistentVector.java:333)
    clojure.core$reduce.invoke (core.clj:6518)
    clojurescript_build.core.CompilableSourcePaths._compile (core.clj:19)
    cljs.closure$build.invoke (closure.clj:1475)
    clojurescript_build.core$build_source_paths_STAR_.invoke (core.clj:160)
    figwheel_sidecar.auto_builder$default_build_options$fn__15557.invoke (auto_builder.clj:78)
    figwheel_sidecar.auto_builder$insert_figwheel_connect_script$fn__15603.invoke (auto_builder.clj:214)
    figwheel_sidecar.auto_builder$warning$fn__15554.invoke (auto_builder.clj:74)
    clojurescript_build.auto$time_build$fn__15350.invoke (auto.clj:55)
    clojurescript_build.auto$after$fn__15356.invoke (auto.clj:64)
    clojurescript_build.auto$after$fn__15356.invoke (auto.clj:64)
    clojurescript_build.auto$after$fn__15356.invoke (auto.clj:64)
    clojurescript_build.auto$error$fn__15359.invoke (auto.clj:71)
    clojurescript_build.auto$before$fn__15353.invoke (auto.clj:60)
    clojurescript_build.auto$make_conditional_builder$fn__15371.invoke (auto.clj:103)
    clojure.core$mapv$fn__6727.invoke (core.clj:6616)
    clojure.lang.PersistentVector.reduce (PersistentVector.java:333)
    clojure.core$reduce.invoke (core.clj:6518)
    clojure.core$mapv.invoke (core.clj:6616)
    clojurescript_build.auto$autobuild_STAR_$fn__15457$state_machine__9142__auto____15458$fn__15463.invoke (auto.clj:186)
[0mCompiling "resources/public/js/compiled/hello_cljs.js" from ["src"]...
[32mSuccessfully compiled "resources/public/js/compiled/hello_cljs.js" in 0.51 seconds.[0m
notifying browser that file changed:  resources/public/js/compiled/out/cljs_deps.js
notifying browser that file changed:  /hello_cljs/core.js
[0mCompiling "resources/public/js/compiled/hello_cljs.js" from ["src"]...
[32mSuccessfully compiled "resources/public/js/compiled/hello_cljs.js" in 0.094 seconds.[0m
notifying browser that file changed:  /hello_cljs/core.js
[0mCompiling "resources/public/js/compiled/hello_cljs.js" from ["src"]...
[32mSuccessfully compiled "resources/public/js/compiled/hello_cljs.js" in 0.09 seconds.[0m
notifying browser that file changed:  resources/public/js/compiled/out/cljs_deps.js
notifying browser that file changed:  /hello_cljs/core.js
[0mCompiling "resources/public/js/compiled/hello_cljs.js" from ["src"]...
[32mSuccessfully compiled "resources/public/js/compiled/hello_cljs.js" in 0.096 seconds.[0m
notifying browser that file changed:  resources/public/js/compiled/out/cljs_deps.js
notifying browser that file changed:  /hello_cljs/core.js
[0mCompiling "resources/public/js/compiled/hello_cljs.js" from ["src"]...
[32mSuccessfully compiled "resources/public/js/compiled/hello_cljs.js" in 0.076 seconds.[0m
notifying browser that file changed:  resources/public/js/compiled/out/cljs_deps.js
notifying browser that file changed:  /hello_cljs/core.js
[0mCompiling "resources/public/js/compiled/hello_cljs.js" from ["src"]...
[32mSuccessfully compiled "resources/public/js/compiled/hello_cljs.js" in 0.074 seconds.[0m
notifying browser that file changed:  resources/public/js/compiled/out/cljs_deps.js
notifying browser that file changed:  /hello_cljs/core.js
[0mCompiling "resources/public/js/compiled/hello_cljs.js" from ["src"]...
[32mSuccessfully compiled "resources/public/js/compiled/hello_cljs.js" in 0.07 seconds.[0m
notifying browser that file changed:  resources/public/js/compiled/out/cljs_deps.js
notifying browser that file changed:  /hello_cljs/core.js
[0mCompiling "resources/public/js/compiled/hello_cljs.js" from ["src"]...
[32mSuccessfully compiled "resources/public/js/compiled/hello_cljs.js" in 0.079 seconds.[0m
notifying browser that file changed:  /hello_cljs/core.js
[0mCompiling "resources/public/js/compiled/hello_cljs.js" from ["src"]...
[31mCompiling "resources/public/js/compiled/hello_cljs.js" failed.[0m
java.lang.AssertionError: No ns form found in src/hello_cljs/component.cljs
 at cljs.analyzer$parse_ns$fn__2150.invoke (analyzer.cljc:2134)
    cljs.analyzer$parse_ns.invoke (analyzer.cljc:2094)
    cljs.analyzer$parse_ns.invoke (analyzer.cljc:2085)
    cljs.compiler$compile_root$fn__3082.invoke (compiler.cljc:1174)
    clojure.core$map$fn__4553.invoke (core.clj:2624)
    clojure.lang.LazySeq.sval (LazySeq.java:40)
    clojure.lang.LazySeq.seq (LazySeq.java:49)
    clojure.lang.RT.seq (RT.java:507)
    clojure.core/seq (core.clj:137)
    clojure.core$map$fn__4553.invoke (core.clj:2616)
    clojure.lang.LazySeq.sval (LazySeq.java:40)
    clojure.lang.LazySeq.seq (LazySeq.java:49)
    clojure.lang.RT.seq (RT.java:507)
    clojure.core/seq (core.clj:137)
    clojure.core.protocols$seq_reduce.invoke (protocols.clj:30)
    clojure.core.protocols/fn (protocols.clj:101)
    clojure.core.protocols$fn__6452$G__6447__6465.invoke (protocols.clj:13)
    clojure.core$reduce.invoke (core.clj:6519)
    cljs.js_deps$build_index.invoke (js_deps.clj:128)
    cljs.js_deps$dependency_order.invoke (js_deps.clj:168)
    cljs.compiler$compile_root.invoke (compiler.cljc:1173)
    cljs.closure$compile_dir.invoke (closure.clj:385)
    cljs.closure$eval3467$fn__3468.invoke (closure.clj:425)
    cljs.closure$eval3420$fn__3421$G__3411__3428.invoke (closure.clj:331)
    cljs.closure$eval3480$fn__3481.invoke (closure.clj:439)
    cljs.closure$eval3420$fn__3421$G__3411__3428.invoke (closure.clj:331)
    clojurescript_build.core.CompilableSourcePaths/fn (core.clj:20)
    clojure.lang.PersistentVector.reduce (PersistentVector.java:333)
    clojure.core$reduce.invoke (core.clj:6518)
    clojurescript_build.core.CompilableSourcePaths._compile (core.clj:19)
[0mCompiling "resources/public/js/compiled/hello_cljs.js" from ["src"]...
[32mSuccessfully compiled "resources/public/js/compiled/hello_cljs.js" in 0.074 seconds.[0m
notifying browser that file changed:  resources/public/js/compiled/out/cljs_deps.js
notifying browser that file changed:  /hello_cljs/core.js
notifying browser that file changed:  /hello_cljs/components.js
[0mCompiling "resources/public/js/compiled/hello_cljs.js" from ["src"]...
[32mSuccessfully compiled "resources/public/js/compiled/hello_cljs.js" in 0.073 seconds.[0m
notifying browser that file changed:  resources/public/js/compiled/out/cljs_deps.js
notifying browser that file changed:  /hello_cljs/core.js
[0mCompiling "resources/public/js/compiled/hello_cljs.js" from ["src"]...
[32mSuccessfully compiled "resources/public/js/compiled/hello_cljs.js" in 0.071 seconds.[0m
notifying browser that file changed:  resources/public/js/compiled/out/cljs_deps.js
notifying browser that file changed:  /hello_cljs/components.js
notifying browser that file changed:  /hello_cljs/core.js
[0mCompiling "resources/public/js/compiled/hello_cljs.js" from ["src"]...
[32mSuccessfully compiled "resources/public/js/compiled/hello_cljs.js" in 0.074 seconds.[0m
notifying browser that file changed:  resources/public/js/compiled/out/cljs_deps.js
notifying browser that file changed:  /hello_cljs/core.js
[0mCompiling "resources/public/js/compiled/hello_cljs.js" from ["src"]...
[32mSuccessfully compiled "resources/public/js/compiled/hello_cljs.js" in 0.072 seconds.[0m
notifying browser that file changed:  /hello_cljs/core.js
[0mCompiling "resources/public/js/compiled/hello_cljs.js" from ["src"]...
[32mSuccessfully compiled "resources/public/js/compiled/hello_cljs.js" in 0.074 seconds.[0m
notifying browser that file changed:  /hello_cljs/core.js
[0mCompiling "resources/public/js/compiled/hello_cljs.js" from ["src"]...
[32mSuccessfully compiled "resources/public/js/compiled/hello_cljs.js" in 0.065 seconds.[0m
notifying browser that file changed:  resources/public/js/compiled/out/cljs_deps.js
notifying browser that file changed:  /hello_cljs/components.js
notifying browser that file changed:  /hello_cljs/core.js
[0mCompiling "resources/public/js/compiled/hello_cljs.js" from ["src"]...
[31mCompiling "resources/public/js/compiled/hello_cljs.js" failed.[0m
java.lang.AssertionError: No ns form found in src/hello_cljs/utils.cljs
 at cljs.analyzer$parse_ns$fn__2150.invoke (analyzer.cljc:2134)
    cljs.analyzer$parse_ns.invoke (analyzer.cljc:2094)
    cljs.analyzer$parse_ns.invoke (analyzer.cljc:2085)
    cljs.compiler$compile_root$fn__3082.invoke (compiler.cljc:1174)
    clojure.core$map$fn__4553.invoke (core.clj:2624)
    clojure.lang.LazySeq.sval (LazySeq.java:40)
    clojure.lang.LazySeq.seq (LazySeq.java:49)
    clojure.lang.RT.seq (RT.java:507)
    clojure.core/seq (core.clj:137)
    clojure.core$map$fn__4553.invoke (core.clj:2616)
    clojure.lang.LazySeq.sval (LazySeq.java:40)
    clojure.lang.LazySeq.seq (LazySeq.java:49)
    clojure.lang.Cons.next (Cons.java:39)
    clojure.lang.RT.next (RT.java:674)
    clojure.core/next (core.clj:64)
    clojure.core.protocols/fn (protocols.clj:170)
    clojure.core.protocols$fn__6478$G__6473__6487.invoke (protocols.clj:19)
    clojure.core.protocols$seq_reduce.invoke (protocols.clj:31)
    clojure.core.protocols/fn (protocols.clj:101)
    clojure.core.protocols$fn__6452$G__6447__6465.invoke (protocols.clj:13)
    clojure.core$reduce.invoke (core.clj:6519)
    cljs.js_deps$build_index.invoke (js_deps.clj:128)
    cljs.js_deps$dependency_order.invoke (js_deps.clj:168)
    cljs.compiler$compile_root.invoke (compiler.cljc:1173)
    cljs.closure$compile_dir.invoke (closure.clj:385)
    cljs.closure$eval3467$fn__3468.invoke (closure.clj:425)
    cljs.closure$eval3420$fn__3421$G__3411__3428.invoke (closure.clj:331)
    cljs.closure$eval3480$fn__3481.invoke (closure.clj:439)
    cljs.closure$eval3420$fn__3421$G__3411__3428.invoke (closure.clj:331)
    clojurescript_build.core.CompilableSourcePaths/fn (core.clj:20)
[0mCompiling "resources/public/js/compiled/hello_cljs.js" from ["src"]...
[32mSuccessfully compiled "resources/public/js/compiled/hello_cljs.js" in 0.123 seconds.[0m
notifying browser that file changed:  /hello_cljs/core.js
[0mCompiling "resources/public/js/compiled/hello_cljs.js" from ["src"]...
[32mSuccessfully compiled "resources/public/js/compiled/hello_cljs.js" in 0.074 seconds.[0m
notifying browser that file changed:  /hello_cljs/core.js
[0mCompiling "resources/public/js/compiled/hello_cljs.js" from ["src"]...
[31mCompiling "resources/public/js/compiled/hello_cljs.js" failed.[0m
clojure.lang.ExceptionInfo: failed compiling file:src/hello_cljs/core.cljs
 at clojure.core$ex_info.invoke (core.clj:4593)
    cljs.compiler$compile_file$fn__3059.invoke (compiler.cljc:1146)
    cljs.compiler$compile_file.invoke (compiler.cljc:1109)
    cljs.compiler$compile_root.invoke (compiler.cljc:1181)
    cljs.closure$compile_dir.invoke (closure.clj:385)
    cljs.closure$eval3467$fn__3468.invoke (closure.clj:425)
    cljs.closure$eval3420$fn__3421$G__3411__3428.invoke (closure.clj:331)
    cljs.closure$eval3480$fn__3481.invoke (closure.clj:439)
    cljs.closure$eval3420$fn__3421$G__3411__3428.invoke (closure.clj:331)
    clojurescript_build.core.CompilableSourcePaths/fn (core.clj:20)
    clojure.lang.PersistentVector.reduce (PersistentVector.java:333)
    clojure.core$reduce.invoke (core.clj:6518)
    clojurescript_build.core.CompilableSourcePaths._compile (core.clj:19)
    cljs.closure$build.invoke (closure.clj:1475)
    clojurescript_build.core$build_source_paths_STAR_.invoke (core.clj:160)
    figwheel_sidecar.auto_builder$default_build_options$fn__15557.invoke (auto_builder.clj:78)
    figwheel_sidecar.auto_builder$insert_figwheel_connect_script$fn__15603.invoke (auto_builder.clj:214)
    figwheel_sidecar.auto_builder$warning$fn__15554.invoke (auto_builder.clj:74)
    clojurescript_build.auto$time_build$fn__15350.invoke (auto.clj:55)
    clojurescript_build.auto$after$fn__15356.invoke (auto.clj:64)
    clojurescript_build.auto$after$fn__15356.invoke (auto.clj:64)
    clojurescript_build.auto$after$fn__15356.invoke (auto.clj:64)
    clojurescript_build.auto$error$fn__15359.invoke (auto.clj:71)
    clojurescript_build.auto$before$fn__15353.invoke (auto.clj:60)
    clojurescript_build.auto$make_conditional_builder$fn__15371.invoke (auto.clj:103)
    clojure.core$mapv$fn__6727.invoke (core.clj:6616)
    clojure.lang.PersistentVector.reduce (PersistentVector.java:333)
    clojure.core$reduce.invoke (core.clj:6518)
    clojure.core$mapv.invoke (core.clj:6616)
    clojurescript_build.auto$autobuild_STAR_$fn__15457$state_machine__9142__auto____15458$fn__15463.invoke (auto.clj:186)
[0mCompiling "resources/public/js/compiled/hello_cljs.js" from ["src"]...
[31mCompiling "resources/public/js/compiled/hello_cljs.js" failed.[0m
clojure.lang.ExceptionInfo: failed compiling file:src/hello_cljs/core.cljs
 at clojure.core$ex_info.invoke (core.clj:4593)
    cljs.compiler$compile_file$fn__3059.invoke (compiler.cljc:1146)
    cljs.compiler$compile_file.invoke (compiler.cljc:1109)
    cljs.compiler$compile_root.invoke (compiler.cljc:1181)
    cljs.closure$compile_dir.invoke (closure.clj:385)
    cljs.closure$eval3467$fn__3468.invoke (closure.clj:425)
    cljs.closure$eval3420$fn__3421$G__3411__3428.invoke (closure.clj:331)
    cljs.closure$eval3480$fn__3481.invoke (closure.clj:439)
    cljs.closure$eval3420$fn__3421$G__3411__3428.invoke (closure.clj:331)
    clojurescript_build.core.CompilableSourcePaths/fn (core.clj:20)
    clojure.lang.PersistentVector.reduce (PersistentVector.java:333)
    clojure.core$reduce.invoke (core.clj:6518)
    clojurescript_build.core.CompilableSourcePaths._compile (core.clj:19)
    cljs.closure$build.invoke (closure.clj:1475)
    clojurescript_build.core$build_source_paths_STAR_.invoke (core.clj:160)
    figwheel_sidecar.auto_builder$default_build_options$fn__15557.invoke (auto_builder.clj:78)
    figwheel_sidecar.auto_builder$insert_figwheel_connect_script$fn__15603.invoke (auto_builder.clj:214)
    figwheel_sidecar.auto_builder$warning$fn__15554.invoke (auto_builder.clj:74)
    clojurescript_build.auto$time_build$fn__15350.invoke (auto.clj:55)
    clojurescript_build.auto$after$fn__15356.invoke (auto.clj:64)
    clojurescript_build.auto$after$fn__15356.invoke (auto.clj:64)
    clojurescript_build.auto$after$fn__15356.invoke (auto.clj:64)
    clojurescript_build.auto$error$fn__15359.invoke (auto.clj:71)
    clojurescript_build.auto$before$fn__15353.invoke (auto.clj:60)
    clojurescript_build.auto$make_conditional_builder$fn__15371.invoke (auto.clj:103)
    clojure.core$mapv$fn__6727.invoke (core.clj:6616)
    clojure.lang.PersistentVector.reduce (PersistentVector.java:333)
    clojure.core$reduce.invoke (core.clj:6518)
    clojure.core$mapv.invoke (core.clj:6616)
    clojurescript_build.auto$autobuild_STAR_$fn__15457$state_machine__9142__auto____15458$fn__15463.invoke (auto.clj:186)
[0mCompiling "resources/public/js/compiled/hello_cljs.js" from ["src"]...
WARNING: Required namespace not provided for hello-cljs.utils
[32mSuccessfully compiled "resources/public/js/compiled/hello_cljs.js" in 0.137 seconds.[0m
notifying browser that file changed:  resources/public/js/compiled/out/cljs_deps.js
[0mCompiling "resources/public/js/compiled/hello_cljs.js" from ["src"]...
WARNING: Required namespace not provided for hello-cljs.utils
[32mSuccessfully compiled "resources/public/js/compiled/hello_cljs.js" in 0.118 seconds.[0m
[0mCompiling "resources/public/js/compiled/hello_cljs.js" from ["src"]...
WARNING: Required namespace not provided for hello-cljs.utils
[32mSuccessfully compiled "resources/public/js/compiled/hello_cljs.js" in 0.095 seconds.[0m
[0mCompiling "resources/public/js/compiled/hello_cljs.js" from ["src"]...
[31mCompiling "resources/public/js/compiled/hello_cljs.js" failed.[0m
clojure.lang.ExceptionInfo: failed compiling file:src/hello_cljs/core.cljs
 at clojure.core$ex_info.invoke (core.clj:4593)
    cljs.compiler$compile_file$fn__3059.invoke (compiler.cljc:1146)
    cljs.compiler$compile_file.invoke (compiler.cljc:1109)
    cljs.compiler$compile_root.invoke (compiler.cljc:1181)
    cljs.closure$compile_dir.invoke (closure.clj:385)
    cljs.closure$eval3467$fn__3468.invoke (closure.clj:425)
    cljs.closure$eval3420$fn__3421$G__3411__3428.invoke (closure.clj:331)
    cljs.closure$eval3480$fn__3481.invoke (closure.clj:439)
    cljs.closure$eval3420$fn__3421$G__3411__3428.invoke (closure.clj:331)
    clojurescript_build.core.CompilableSourcePaths/fn (core.clj:20)
    clojure.lang.PersistentVector.reduce (PersistentVector.java:333)
    clojure.core$reduce.invoke (core.clj:6518)
    clojurescript_build.core.CompilableSourcePaths._compile (core.clj:19)
    cljs.closure$build.invoke (closure.clj:1475)
    clojurescript_build.core$build_source_paths_STAR_.invoke (core.clj:160)
    figwheel_sidecar.auto_builder$default_build_options$fn__15557.invoke (auto_builder.clj:78)
    figwheel_sidecar.auto_builder$insert_figwheel_connect_script$fn__15603.invoke (auto_builder.clj:214)
    figwheel_sidecar.auto_builder$warning$fn__15554.invoke (auto_builder.clj:74)
    clojurescript_build.auto$time_build$fn__15350.invoke (auto.clj:55)
    clojurescript_build.auto$after$fn__15356.invoke (auto.clj:64)
    clojurescript_build.auto$after$fn__15356.invoke (auto.clj:64)
    clojurescript_build.auto$after$fn__15356.invoke (auto.clj:64)
    clojurescript_build.auto$error$fn__15359.invoke (auto.clj:71)
    clojurescript_build.auto$before$fn__15353.invoke (auto.clj:60)
    clojurescript_build.auto$make_conditional_builder$fn__15371.invoke (auto.clj:103)
    clojure.core$mapv$fn__6727.invoke (core.clj:6616)
    clojure.lang.PersistentVector.reduce (PersistentVector.java:333)
    clojure.core$reduce.invoke (core.clj:6518)
    clojure.core$mapv.invoke (core.clj:6616)
    clojurescript_build.auto$autobuild_STAR_$fn__15457$state_machine__9142__auto____15458$fn__15463.invoke (auto.clj:186)
[0mCompiling "resources/public/js/compiled/hello_cljs.js" from ["src"]...
WARNING: Use of undeclared Var hello-cljs.utils/defmacro at line 3 src/hello_cljs/utils.cljc
WARNING: Use of undeclared Var hello-cljs.utils/logger at line 3 src/hello_cljs/utils.cljc
WARNING: Use of undeclared Var hello-cljs.utils/body at line 3 src/hello_cljs/utils.cljc
WARNING: Use of undeclared Var hello-cljs.utils/body at line 4 src/hello_cljs/utils.cljc
[32mSuccessfully compiled "resources/public/js/compiled/hello_cljs.js" in 0.143 seconds.[0m
notifying browser that file changed:  resources/public/js/compiled/out/cljs_deps.js
notifying browser that file changed:  /hello_cljs/utils.js
[0mCompiling "resources/public/js/compiled/hello_cljs.js" from ["src"]...
WARNING: Use of undeclared Var hello-cljs.utils/defmacro at line 3 src/hello_cljs/utils.cljc
WARNING: Use of undeclared Var hello-cljs.utils/logger at line 3 src/hello_cljs/utils.cljc
WARNING: Use of undeclared Var hello-cljs.utils/body at line 3 src/hello_cljs/utils.cljc
WARNING: Use of undeclared Var hello-cljs.utils/body at line 4 src/hello_cljs/utils.cljc
[32mSuccessfully compiled "resources/public/js/compiled/hello_cljs.js" in 0.131 seconds.[0m
notifying browser that file changed:  /hello_cljs/utils.js
[0mCompiling "resources/public/js/compiled/hello_cljs.js" from ["src"]...
WARNING: Required namespace not provided for hello-cljs.utils
[32mSuccessfully compiled "resources/public/js/compiled/hello_cljs.js" in 0.079 seconds.[0m
notifying browser that file changed:  resources/public/js/compiled/out/cljs_deps.js
[0mCompiling "resources/public/js/compiled/hello_cljs.js" from ["src"]...
WARNING: Required namespace not provided for hello-cljs.utils
[32mSuccessfully compiled "resources/public/js/compiled/hello_cljs.js" in 0.132 seconds.[0m
notifying browser that file changed:  /hello_cljs/components.js
[0mCompiling "resources/public/js/compiled/hello_cljs.js" from ["src"]...
WARNING: Required namespace not provided for hello-cljs.utils
[32mSuccessfully compiled "resources/public/js/compiled/hello_cljs.js" in 0.11 seconds.[0m
[0mCompiling "resources/public/js/compiled/hello_cljs.js" from ["src"]...
WARNING: Required namespace not provided for hello-cljs.utils
[32mSuccessfully compiled "resources/public/js/compiled/hello_cljs.js" in 0.072 seconds.[0m
[0mCompiling "resources/public/js/compiled/hello_cljs.js" from ["src"]...
WARNING: Required namespace not provided for hello-cljs.utils
[32mSuccessfully compiled "resources/public/js/compiled/hello_cljs.js" in 0.063 seconds.[0m
[0mCompiling "resources/public/js/compiled/hello_cljs.js" from ["src"]...
WARNING: Required namespace not provided for hello-cljs.utils
[32mSuccessfully compiled "resources/public/js/compiled/hello_cljs.js" in 0.061 seconds.[0m
notifying browser that file changed:  /hello_cljs/components.js
[0mCompiling "resources/public/js/compiled/hello_cljs.js" from ["src"]...
WARNING: Required namespace not provided for hello-cljs.utils
[32mSuccessfully compiled "resources/public/js/compiled/hello_cljs.js" in 0.072 seconds.[0m
[0mCompiling "resources/public/js/compiled/hello_cljs.js" from ["src"]...
[31mCompiling "resources/public/js/compiled/hello_cljs.js" failed.[0m
clojure.lang.ExceptionInfo: failed compiling file:src/hello_cljs/core.cljs
 at clojure.core$ex_info.invoke (core.clj:4593)
    cljs.compiler$compile_file$fn__3059.invoke (compiler.cljc:1146)
    cljs.compiler$compile_file.invoke (compiler.cljc:1109)
    cljs.compiler$compile_root.invoke (compiler.cljc:1181)
    cljs.closure$compile_dir.invoke (closure.clj:385)
    cljs.closure$eval3467$fn__3468.invoke (closure.clj:425)
    cljs.closure$eval3420$fn__3421$G__3411__3428.invoke (closure.clj:331)
    cljs.closure$eval3480$fn__3481.invoke (closure.clj:439)
    cljs.closure$eval3420$fn__3421$G__3411__3428.invoke (closure.clj:331)
    clojurescript_build.core.CompilableSourcePaths/fn (core.clj:20)
    clojure.lang.PersistentVector.reduce (PersistentVector.java:333)
    clojure.core$reduce.invoke (core.clj:6518)
    clojurescript_build.core.CompilableSourcePaths._compile (core.clj:19)
    cljs.closure$build.invoke (closure.clj:1475)
    clojurescript_build.core$build_source_paths_STAR_.invoke (core.clj:160)
    figwheel_sidecar.auto_builder$default_build_options$fn__15557.invoke (auto_builder.clj:78)
    figwheel_sidecar.auto_builder$insert_figwheel_connect_script$fn__15603.invoke (auto_builder.clj:214)
    figwheel_sidecar.auto_builder$warning$fn__15554.invoke (auto_builder.clj:74)
    clojurescript_build.auto$time_build$fn__15350.invoke (auto.clj:55)
    clojurescript_build.auto$after$fn__15356.invoke (auto.clj:64)
    clojurescript_build.auto$after$fn__15356.invoke (auto.clj:64)
    clojurescript_build.auto$after$fn__15356.invoke (auto.clj:64)
    clojurescript_build.auto$error$fn__15359.invoke (auto.clj:71)
    clojurescript_build.auto$before$fn__15353.invoke (auto.clj:60)
    clojurescript_build.auto$make_conditional_builder$fn__15371.invoke (auto.clj:103)
    clojure.core$mapv$fn__6727.invoke (core.clj:6616)
    clojure.lang.PersistentVector.reduce (PersistentVector.java:333)
    clojure.core$reduce.invoke (core.clj:6518)
    clojure.core$mapv.invoke (core.clj:6616)
    clojurescript_build.auto$autobuild_STAR_$fn__15457$state_machine__9142__auto____15458$fn__15463.invoke (auto.clj:186)
[0mCompiling "resources/public/js/compiled/hello_cljs.js" from ["src"]...
[31mCompiling "resources/public/js/compiled/hello_cljs.js" failed.[0m
clojure.lang.ExceptionInfo: failed compiling file:src/hello_cljs/core.cljs
 at clojure.core$ex_info.invoke (core.clj:4593)
    cljs.compiler$compile_file$fn__3059.invoke (compiler.cljc:1146)
    cljs.compiler$compile_file.invoke (compiler.cljc:1109)
    cljs.compiler$compile_root.invoke (compiler.cljc:1181)
    cljs.closure$compile_dir.invoke (closure.clj:385)
    cljs.closure$eval3467$fn__3468.invoke (closure.clj:425)
    cljs.closure$eval3420$fn__3421$G__3411__3428.invoke (closure.clj:331)
    cljs.closure$eval3480$fn__3481.invoke (closure.clj:439)
    cljs.closure$eval3420$fn__3421$G__3411__3428.invoke (closure.clj:331)
    clojurescript_build.core.CompilableSourcePaths/fn (core.clj:20)
    clojure.lang.PersistentVector.reduce (PersistentVector.java:333)
    clojure.core$reduce.invoke (core.clj:6518)
    clojurescript_build.core.CompilableSourcePaths._compile (core.clj:19)
    cljs.closure$build.invoke (closure.clj:1475)
    clojurescript_build.core$build_source_paths_STAR_.invoke (core.clj:160)
    figwheel_sidecar.auto_builder$default_build_options$fn__15557.invoke (auto_builder.clj:78)
    figwheel_sidecar.auto_builder$insert_figwheel_connect_script$fn__15603.invoke (auto_builder.clj:214)
    figwheel_sidecar.auto_builder$warning$fn__15554.invoke (auto_builder.clj:74)
    clojurescript_build.auto$time_build$fn__15350.invoke (auto.clj:55)
    clojurescript_build.auto$after$fn__15356.invoke (auto.clj:64)
    clojurescript_build.auto$after$fn__15356.invoke (auto.clj:64)
    clojurescript_build.auto$after$fn__15356.invoke (auto.clj:64)
    clojurescript_build.auto$error$fn__15359.invoke (auto.clj:71)
    clojurescript_build.auto$before$fn__15353.invoke (auto.clj:60)
    clojurescript_build.auto$make_conditional_builder$fn__15371.invoke (auto.clj:103)
    clojure.core$mapv$fn__6727.invoke (core.clj:6616)
    clojure.lang.PersistentVector.reduce (PersistentVector.java:333)
    clojure.core$reduce.invoke (core.clj:6518)
    clojure.core$mapv.invoke (core.clj:6616)
    clojurescript_build.auto$autobuild_STAR_$fn__15457$state_machine__9142__auto____15458$fn__15463.invoke (auto.clj:186)
Figwheel: focusing on build-ids (dev)
[0mCompiling "resources/public/js/compiled/hello_cljs.js" from ["src"]...
[31mCompiling "resources/public/js/compiled/hello_cljs.js" failed.[0m
clojure.lang.ExceptionInfo: failed compiling file:src/hello_cljs/core.cljs
 at clojure.core$ex_info.invoke (core.clj:4593)
    cljs.compiler$compile_file$fn__3059.invoke (compiler.cljc:1146)
    cljs.compiler$compile_file.invoke (compiler.cljc:1109)
    cljs.compiler$compile_root.invoke (compiler.cljc:1181)
    cljs.closure$compile_dir.invoke (closure.clj:385)
    cljs.closure$eval3467$fn__3468.invoke (closure.clj:425)
    cljs.closure$eval3420$fn__3421$G__3411__3428.invoke (closure.clj:331)
    cljs.closure$eval3480$fn__3481.invoke (closure.clj:439)
    cljs.closure$eval3420$fn__3421$G__3411__3428.invoke (closure.clj:331)
    clojurescript_build.core.CompilableSourcePaths/fn (core.clj:20)
    clojure.lang.PersistentVector.reduce (PersistentVector.java:333)
    clojure.core$reduce.invoke (core.clj:6518)
    clojurescript_build.core.CompilableSourcePaths._compile (core.clj:19)
    cljs.closure$build.invoke (closure.clj:1475)
    clojurescript_build.core$build_source_paths_STAR_.invoke (core.clj:160)
    figwheel_sidecar.auto_builder$default_build_options$fn__15557.invoke (auto_builder.clj:78)
    figwheel_sidecar.auto_builder$insert_figwheel_connect_script$fn__15603.invoke (auto_builder.clj:214)
    figwheel_sidecar.auto_builder$warning$fn__15554.invoke (auto_builder.clj:74)
    clojurescript_build.auto$time_build$fn__15350.invoke (auto.clj:55)
    clojurescript_build.auto$after$fn__15356.invoke (auto.clj:64)
    clojurescript_build.auto$after$fn__15356.invoke (auto.clj:64)
    clojurescript_build.auto$after$fn__15356.invoke (auto.clj:64)
    clojurescript_build.auto$error$fn__15359.invoke (auto.clj:71)
    clojurescript_build.auto$before$fn__15353.invoke (auto.clj:60)
    clojurescript_build.auto$make_conditional_builder$fn__15371.invoke (auto.clj:103)
    clojure.core$mapv$fn__6727.invoke (core.clj:6616)
    clojure.lang.PersistentVector.reduce (PersistentVector.java:333)
    clojure.core$reduce.invoke (core.clj:6518)
    clojure.core$mapv.invoke (core.clj:6616)
    clojurescript_build.auto$autobuild_STAR_$fn__15457$state_machine__9142__auto____15458$fn__15463.invoke (auto.clj:186)
[0mCompiling "resources/public/js/compiled/hello_cljs.js" from ["src"]...
[31mCompiling "resources/public/js/compiled/hello_cljs.js" failed.[0m
clojure.lang.ExceptionInfo: failed compiling file:src/hello_cljs/core.cljs
 at clojure.core$ex_info.invoke (core.clj:4593)
    cljs.compiler$compile_file$fn__3059.invoke (compiler.cljc:1146)
    cljs.compiler$compile_file.invoke (compiler.cljc:1109)
    cljs.compiler$compile_root.invoke (compiler.cljc:1181)
    cljs.closure$compile_dir.invoke (closure.clj:385)
    cljs.closure$eval3467$fn__3468.invoke (closure.clj:425)
    cljs.closure$eval3420$fn__3421$G__3411__3428.invoke (closure.clj:331)
    cljs.closure$eval3480$fn__3481.invoke (closure.clj:439)
    cljs.closure$eval3420$fn__3421$G__3411__3428.invoke (closure.clj:331)
    clojurescript_build.core.CompilableSourcePaths/fn (core.clj:20)
    clojure.lang.PersistentVector.reduce (PersistentVector.java:333)
    clojure.core$reduce.invoke (core.clj:6518)
    clojurescript_build.core.CompilableSourcePaths._compile (core.clj:19)
    cljs.closure$build.invoke (closure.clj:1475)
    clojurescript_build.core$build_source_paths_STAR_.invoke (core.clj:160)
    figwheel_sidecar.auto_builder$default_build_options$fn__15557.invoke (auto_builder.clj:78)
    figwheel_sidecar.auto_builder$insert_figwheel_connect_script$fn__15603.invoke (auto_builder.clj:214)
    figwheel_sidecar.auto_builder$warning$fn__15554.invoke (auto_builder.clj:74)
    clojurescript_build.auto$time_build$fn__15350.invoke (auto.clj:55)
    clojurescript_build.auto$after$fn__15356.invoke (auto.clj:64)
    clojurescript_build.auto$after$fn__15356.invoke (auto.clj:64)
    clojurescript_build.auto$after$fn__15356.invoke (auto.clj:64)
    clojurescript_build.auto$error$fn__15359.invoke (auto.clj:71)
    clojurescript_build.auto$before$fn__15353.invoke (auto.clj:60)
    clojurescript_build.auto$make_conditional_builder$fn__15371.invoke (auto.clj:103)
    clojure.core$mapv$fn__6727.invoke (core.clj:6616)
    clojure.lang.PersistentVector.reduce (PersistentVector.java:333)
    clojure.core$reduce.invoke (core.clj:6518)
    clojure.core$mapv.invoke (core.clj:6616)
    clojurescript_build.auto$autobuild_STAR_$fn__15457$state_machine__9142__auto____15458$fn__15463.invoke (auto.clj:186)
[0mCompiling "resources/public/js/compiled/hello_cljs.js" from ["src"]...
[31mCompiling "resources/public/js/compiled/hello_cljs.js" failed.[0m
clojure.lang.ExceptionInfo: failed compiling file:src/hello_cljs/core.cljs
 at clojure.core$ex_info.invoke (core.clj:4593)
    cljs.compiler$compile_file$fn__3059.invoke (compiler.cljc:1146)
    cljs.compiler$compile_file.invoke (compiler.cljc:1109)
    cljs.compiler$compile_root.invoke (compiler.cljc:1181)
    cljs.closure$compile_dir.invoke (closure.clj:385)
    cljs.closure$eval3467$fn__3468.invoke (closure.clj:425)
    cljs.closure$eval3420$fn__3421$G__3411__3428.invoke (closure.clj:331)
    cljs.closure$eval3480$fn__3481.invoke (closure.clj:439)
    cljs.closure$eval3420$fn__3421$G__3411__3428.invoke (closure.clj:331)
    clojurescript_build.core.CompilableSourcePaths/fn (core.clj:20)
    clojure.lang.PersistentVector.reduce (PersistentVector.java:333)
    clojure.core$reduce.invoke (core.clj:6518)
    clojurescript_build.core.CompilableSourcePaths._compile (core.clj:19)
    cljs.closure$build.invoke (closure.clj:1475)
    clojurescript_build.core$build_source_paths_STAR_.invoke (core.clj:160)
    figwheel_sidecar.auto_builder$default_build_options$fn__15557.invoke (auto_builder.clj:78)
    figwheel_sidecar.auto_builder$insert_figwheel_connect_script$fn__15603.invoke (auto_builder.clj:214)
    figwheel_sidecar.auto_builder$warning$fn__15554.invoke (auto_builder.clj:74)
    clojurescript_build.auto$time_build$fn__15350.invoke (auto.clj:55)
    clojurescript_build.auto$after$fn__15356.invoke (auto.clj:64)
    clojurescript_build.auto$after$fn__15356.invoke (auto.clj:64)
    clojurescript_build.auto$after$fn__15356.invoke (auto.clj:64)
    clojurescript_build.auto$error$fn__15359.invoke (auto.clj:71)
    clojurescript_build.auto$before$fn__15353.invoke (auto.clj:60)
    clojurescript_build.auto$make_conditional_builder$fn__15371.invoke (auto.clj:103)
    clojure.core$mapv$fn__6727.invoke (core.clj:6616)
    clojure.lang.PersistentVector.reduce (PersistentVector.java:333)
    clojure.core$reduce.invoke (core.clj:6518)
    clojure.core$mapv.invoke (core.clj:6616)
    clojurescript_build.auto$autobuild_STAR_$fn__15457$state_machine__9142__auto____15458$fn__15463.invoke (auto.clj:186)
[0mCompiling "resources/public/js/compiled/hello_cljs.js" from ["src"]...
[31mCompiling "resources/public/js/compiled/hello_cljs.js" failed.[0m
clojure.lang.ExceptionInfo: failed compiling file:src/hello_cljs/core.cljs
 at clojure.core$ex_info.invoke (core.clj:4593)
    cljs.compiler$compile_file$fn__3059.invoke (compiler.cljc:1146)
    cljs.compiler$compile_file.invoke (compiler.cljc:1109)
    cljs.compiler$compile_root.invoke (compiler.cljc:1181)
    cljs.closure$compile_dir.invoke (closure.clj:385)
    cljs.closure$eval3467$fn__3468.invoke (closure.clj:425)
    cljs.closure$eval3420$fn__3421$G__3411__3428.invoke (closure.clj:331)
    cljs.closure$eval3480$fn__3481.invoke (closure.clj:439)
    cljs.closure$eval3420$fn__3421$G__3411__3428.invoke (closure.clj:331)
    clojurescript_build.core.CompilableSourcePaths/fn (core.clj:20)
    clojure.lang.PersistentVector.reduce (PersistentVector.java:333)
    clojure.core$reduce.invoke (core.clj:6518)
    clojurescript_build.core.CompilableSourcePaths._compile (core.clj:19)
    cljs.closure$build.invoke (closure.clj:1475)
    clojurescript_build.core$build_source_paths_STAR_.invoke (core.clj:160)
    figwheel_sidecar.auto_builder$default_build_options$fn__15557.invoke (auto_builder.clj:78)
    figwheel_sidecar.auto_builder$insert_figwheel_connect_script$fn__15603.invoke (auto_builder.clj:214)
    figwheel_sidecar.auto_builder$warning$fn__15554.invoke (auto_builder.clj:74)
    clojurescript_build.auto$time_build$fn__15350.invoke (auto.clj:55)
    clojurescript_build.auto$after$fn__15356.invoke (auto.clj:64)
    clojurescript_build.auto$after$fn__15356.invoke (auto.clj:64)
    clojurescript_build.auto$after$fn__15356.invoke (auto.clj:64)
    clojurescript_build.auto$error$fn__15359.invoke (auto.clj:71)
    clojurescript_build.auto$before$fn__15353.invoke (auto.clj:60)
    clojurescript_build.auto$make_conditional_builder$fn__15371.invoke (auto.clj:103)
    clojure.core$mapv$fn__6727.invoke (core.clj:6616)
    clojure.lang.PersistentVector.reduce (PersistentVector.java:333)
    clojure.core$reduce.invoke (core.clj:6518)
    clojure.core$mapv.invoke (core.clj:6616)
    clojurescript_build.auto$autobuild_STAR_$fn__15457$state_machine__9142__auto____15458$fn__15463.invoke (auto.clj:186)
Figwheel: focusing on build-ids (dev)
[0mCompiling "resources/public/js/compiled/hello_cljs.js" from ["src"]...
[31mCompiling "resources/public/js/compiled/hello_cljs.js" failed.[0m
clojure.lang.ExceptionInfo: failed compiling file:src/hello_cljs/core.cljs
 at clojure.core$ex_info.invoke (core.clj:4593)
    cljs.compiler$compile_file$fn__3059.invoke (compiler.cljc:1146)
    cljs.compiler$compile_file.invoke (compiler.cljc:1109)
    cljs.compiler$compile_root.invoke (compiler.cljc:1181)
    cljs.closure$compile_dir.invoke (closure.clj:385)
    cljs.closure$eval3467$fn__3468.invoke (closure.clj:425)
    cljs.closure$eval3420$fn__3421$G__3411__3428.invoke (closure.clj:331)
    cljs.closure$eval3480$fn__3481.invoke (closure.clj:439)
    cljs.closure$eval3420$fn__3421$G__3411__3428.invoke (closure.clj:331)
    clojurescript_build.core.CompilableSourcePaths/fn (core.clj:20)
    clojure.lang.PersistentVector.reduce (PersistentVector.java:333)
    clojure.core$reduce.invoke (core.clj:6518)
    clojurescript_build.core.CompilableSourcePaths._compile (core.clj:19)
    cljs.closure$build.invoke (closure.clj:1475)
    clojurescript_build.core$build_source_paths_STAR_.invoke (core.clj:160)
    figwheel_sidecar.auto_builder$default_build_options$fn__15557.invoke (auto_builder.clj:78)
    figwheel_sidecar.auto_builder$insert_figwheel_connect_script$fn__15603.invoke (auto_builder.clj:214)
    figwheel_sidecar.auto_builder$warning$fn__15554.invoke (auto_builder.clj:74)
    clojurescript_build.auto$time_build$fn__15350.invoke (auto.clj:55)
    clojurescript_build.auto$after$fn__15356.invoke (auto.clj:64)
    clojurescript_build.auto$after$fn__15356.invoke (auto.clj:64)
    clojurescript_build.auto$after$fn__15356.invoke (auto.clj:64)
    clojurescript_build.auto$error$fn__15359.invoke (auto.clj:71)
    clojurescript_build.auto$before$fn__15353.invoke (auto.clj:60)
    clojurescript_build.auto$make_conditional_builder$fn__15371.invoke (auto.clj:103)
    clojure.core$mapv$fn__6727.invoke (core.clj:6616)
    clojure.lang.PersistentVector.reduce (PersistentVector.java:333)
    clojure.core$reduce.invoke (core.clj:6518)
    clojure.core$mapv.invoke (core.clj:6616)
    clojurescript_build.auto$autobuild_STAR_$fn__15457$state_machine__9142__auto____15458$fn__15463.invoke (auto.clj:186)
[0mCompiling "resources/public/js/compiled/hello_cljs.js" from ["src"]...
Figwheel: focusing on build-ids (dev)
[0mCompiling "resources/public/js/compiled/hello_cljs.js" from ["src"]...
[32mSuccessfully compiled "resources/public/js/compiled/hello_cljs.js" in 0.144 seconds.[0m
notifying browser that file changed:  resources/public/js/compiled/out/goog/deps.js
notifying browser that file changed:  resources/public/js/compiled/out/cljs_deps.js
notifying browser that file changed:  /hello_cljs/components.js
notifying browser that file changed:  /hello_cljs/core.js
[0mCompiling "resources/public/js/compiled/hello_cljs.js" from ["src"]...
[32mSuccessfully compiled "resources/public/js/compiled/hello_cljs.js" in 0.091 seconds.[0m
notifying browser that file changed:  /hello_cljs/core.js
[0mCompiling "resources/public/js/compiled/hello_cljs.js" from ["src"]...
[31mCompiling "resources/public/js/compiled/hello_cljs.js" failed.[0m
clojure.lang.ExceptionInfo: failed compiling file:src/hello_cljs/core.cljs
 at clojure.core$ex_info.invoke (core.clj:4593)
    cljs.compiler$compile_file$fn__3059.invoke (compiler.cljc:1146)
    cljs.compiler$compile_file.invoke (compiler.cljc:1109)
    cljs.compiler$compile_root.invoke (compiler.cljc:1181)
    cljs.closure$compile_dir.invoke (closure.clj:385)
    cljs.closure$eval3467$fn__3468.invoke (closure.clj:425)
    cljs.closure$eval3420$fn__3421$G__3411__3428.invoke (closure.clj:331)
    cljs.closure$eval3480$fn__3481.invoke (closure.clj:439)
    cljs.closure$eval3420$fn__3421$G__3411__3428.invoke (closure.clj:331)
    clojurescript_build.core.CompilableSourcePaths/fn (core.clj:20)
    clojure.lang.PersistentVector.reduce (PersistentVector.java:333)
    clojure.core$reduce.invoke (core.clj:6518)
    clojurescript_build.core.CompilableSourcePaths._compile (core.clj:19)
    cljs.closure$build.invoke (closure.clj:1475)
    clojurescript_build.core$build_source_paths_STAR_.invoke (core.clj:160)
    figwheel_sidecar.auto_builder$default_build_options$fn__15557.invoke (auto_builder.clj:78)
    figwheel_sidecar.auto_builder$insert_figwheel_connect_script$fn__15603.invoke (auto_builder.clj:214)
    figwheel_sidecar.auto_builder$warning$fn__15554.invoke (auto_builder.clj:74)
    clojurescript_build.auto$time_build$fn__15350.invoke (auto.clj:55)
    clojurescript_build.auto$after$fn__15356.invoke (auto.clj:64)
    clojurescript_build.auto$after$fn__15356.invoke (auto.clj:64)
    clojurescript_build.auto$after$fn__15356.invoke (auto.clj:64)
    clojurescript_build.auto$error$fn__15359.invoke (auto.clj:71)
    clojurescript_build.auto$before$fn__15353.invoke (auto.clj:60)
    clojurescript_build.auto$make_conditional_builder$fn__15371.invoke (auto.clj:103)
    clojure.core$mapv$fn__6727.invoke (core.clj:6616)
    clojure.lang.PersistentVector.reduce (PersistentVector.java:333)
    clojure.core$reduce.invoke (core.clj:6518)
    clojure.core$mapv.invoke (core.clj:6616)
    clojurescript_build.auto$autobuild_STAR_$fn__15457$state_machine__9142__auto____15458$fn__15463.invoke (auto.clj:186)
[0mCompiling "resources/public/js/compiled/hello_cljs.js" from ["src"]...
[32mSuccessfully compiled "resources/public/js/compiled/hello_cljs.js" in 0.093 seconds.[0m
notifying browser that file changed:  resources/public/js/compiled/out/cljs_deps.js
notifying browser that file changed:  /hello_cljs/core.js
[0mCompiling "resources/public/js/compiled/hello_cljs.js" from ["src"]...
[31mCompiling "resources/public/js/compiled/hello_cljs.js" failed.[0m
clojure.lang.ExceptionInfo: failed compiling file:src/hello_cljs/core.cljs
 at clojure.core$ex_info.invoke (core.clj:4593)
    cljs.compiler$compile_file$fn__3059.invoke (compiler.cljc:1146)
    cljs.compiler$compile_file.invoke (compiler.cljc:1109)
    cljs.compiler$compile_root.invoke (compiler.cljc:1181)
    cljs.closure$compile_dir.invoke (closure.clj:385)
    cljs.closure$eval3467$fn__3468.invoke (closure.clj:425)
    cljs.closure$eval3420$fn__3421$G__3411__3428.invoke (closure.clj:331)
    cljs.closure$eval3480$fn__3481.invoke (closure.clj:439)
    cljs.closure$eval3420$fn__3421$G__3411__3428.invoke (closure.clj:331)
    clojurescript_build.core.CompilableSourcePaths/fn (core.clj:20)
    clojure.lang.PersistentVector.reduce (PersistentVector.java:333)
    clojure.core$reduce.invoke (core.clj:6518)
    clojurescript_build.core.CompilableSourcePaths._compile (core.clj:19)
    cljs.closure$build.invoke (closure.clj:1475)
    clojurescript_build.core$build_source_paths_STAR_.invoke (core.clj:160)
    figwheel_sidecar.auto_builder$default_build_options$fn__15557.invoke (auto_builder.clj:78)
    figwheel_sidecar.auto_builder$insert_figwheel_connect_script$fn__15603.invoke (auto_builder.clj:214)
    figwheel_sidecar.auto_builder$warning$fn__15554.invoke (auto_builder.clj:74)
    clojurescript_build.auto$time_build$fn__15350.invoke (auto.clj:55)
    clojurescript_build.auto$after$fn__15356.invoke (auto.clj:64)
    clojurescript_build.auto$after$fn__15356.invoke (auto.clj:64)
    clojurescript_build.auto$after$fn__15356.invoke (auto.clj:64)
    clojurescript_build.auto$error$fn__15359.invoke (auto.clj:71)
    clojurescript_build.auto$before$fn__15353.invoke (auto.clj:60)
    clojurescript_build.auto$make_conditional_builder$fn__15371.invoke (auto.clj:103)
    clojure.core$mapv$fn__6727.invoke (core.clj:6616)
    clojure.lang.PersistentVector.reduce (PersistentVector.java:333)
    clojure.core$reduce.invoke (core.clj:6518)
    clojure.core$mapv.invoke (core.clj:6616)
    clojurescript_build.auto$autobuild_STAR_$fn__15457$state_machine__9142__auto____15458$fn__15463.invoke (auto.clj:186)
[0mCompiling "resources/public/js/compiled/hello_cljs.js" from ["src"]...
[32mSuccessfully compiled "resources/public/js/compiled/hello_cljs.js" in 0.084 seconds.[0m
notifying browser that file changed:  /hello_cljs/core.js
[0mCompiling "resources/public/js/compiled/hello_cljs.js" from ["src"]...
[32mSuccessfully compiled "resources/public/js/compiled/hello_cljs.js" in 0.134 seconds.[0m
notifying browser that file changed:  /hello_cljs/core.js
[0mCompiling "resources/public/js/compiled/hello_cljs.js" from ["src"]...
[32mSuccessfully compiled "resources/public/js/compiled/hello_cljs.js" in 0.079 seconds.[0m
notifying browser that file changed:  /hello_cljs/core.js
[0mCompiling "resources/public/js/compiled/hello_cljs.js" from ["src"]...
[32mSuccessfully compiled "resources/public/js/compiled/hello_cljs.js" in 0.078 seconds.[0m
notifying browser that file changed:  /hello_cljs/core.js
[0mCompiling "resources/public/js/compiled/hello_cljs.js" from ["src"]...
[32mSuccessfully compiled "resources/public/js/compiled/hello_cljs.js" in 0.079 seconds.[0m
notifying browser that file changed:  /hello_cljs/core.js
[0mCompiling "resources/public/js/compiled/hello_cljs.js" from ["src"]...
[32mSuccessfully compiled "resources/public/js/compiled/hello_cljs.js" in 0.08 seconds.[0m
notifying browser that file changed:  /hello_cljs/core.js
[0mCompiling "resources/public/js/compiled/hello_cljs.js" from ["src"]...
[32mSuccessfully compiled "resources/public/js/compiled/hello_cljs.js" in 0.097 seconds.[0m
notifying browser that file changed:  /hello_cljs/core.js
[0mCompiling "resources/public/js/compiled/hello_cljs.js" from ["src"]...
[32mSuccessfully compiled "resources/public/js/compiled/hello_cljs.js" in 0.081 seconds.[0m
notifying browser that file changed:  resources/public/js/compiled/out/cljs_deps.js
notifying browser that file changed:  /hello_cljs/core.js
[0mCompiling "resources/public/js/compiled/hello_cljs.js" from ["src"]...
[32mSuccessfully compiled "resources/public/js/compiled/hello_cljs.js" in 0.074 seconds.[0m
notifying browser that file changed:  /hello_cljs/core.js
[0mCompiling "resources/public/js/compiled/hello_cljs.js" from ["src"]...
[32mSuccessfully compiled "resources/public/js/compiled/hello_cljs.js" in 0.075 seconds.[0m
notifying browser that file changed:  resources/public/js/compiled/out/cljs_deps.js
notifying browser that file changed:  /hello_cljs/core.js
[0mCompiling "resources/public/js/compiled/hello_cljs.js" from ["src"]...
[32mSuccessfully compiled "resources/public/js/compiled/hello_cljs.js" in 0.09 seconds.[0m
notifying browser that file changed:  /hello_cljs/core.js
[0mCompiling "resources/public/js/compiled/hello_cljs.js" from ["src"]...
[32mSuccessfully compiled "resources/public/js/compiled/hello_cljs.js" in 0.085 seconds.[0m
notifying browser that file changed:  /hello_cljs/core.js
[0mCompiling "resources/public/js/compiled/hello_cljs.js" from ["src"]...
[32mSuccessfully compiled "resources/public/js/compiled/hello_cljs.js" in 0.08 seconds.[0m
notifying browser that file changed:  /hello_cljs/components.js
notifying browser that file changed:  /hello_cljs/core.js
[0mCompiling "resources/public/js/compiled/hello_cljs.js" from ["src"]...
[32mSuccessfully compiled "resources/public/js/compiled/hello_cljs.js" in 0.07 seconds.[0m
notifying browser that file changed:  resources/public/js/compiled/out/cljs_deps.js
notifying browser that file changed:  /hello_cljs/components.js
notifying browser that file changed:  /hello_cljs/core.js
[0mCompiling "resources/public/js/compiled/hello_cljs.js" from ["src"]...
[32mSuccessfully compiled "resources/public/js/compiled/hello_cljs.js" in 0.075 seconds.[0m
notifying browser that file changed:  resources/public/js/compiled/out/cljs_deps.js
notifying browser that file changed:  /hello_cljs/components.js
notifying browser that file changed:  /hello_cljs/core.js
[0mCompiling "resources/public/js/compiled/hello_cljs.js" from ["src"]...
[32mSuccessfully compiled "resources/public/js/compiled/hello_cljs.js" in 0.08 seconds.[0m
notifying browser that file changed:  /hello_cljs/components.js
notifying browser that file changed:  /hello_cljs/core.js
[0mCompiling "resources/public/js/compiled/hello_cljs.js" from ["src"]...
[32mSuccessfully compiled "resources/public/js/compiled/hello_cljs.js" in 0.075 seconds.[0m
notifying browser that file changed:  resources/public/js/compiled/out/cljs_deps.js
notifying browser that file changed:  /hello_cljs/components.js
[0mCompiling "resources/public/js/compiled/hello_cljs.js" from ["src"]...
[32mSuccessfully compiled "resources/public/js/compiled/hello_cljs.js" in 0.074 seconds.[0m
notifying browser that file changed:  resources/public/js/compiled/out/cljs_deps.js
notifying browser that file changed:  /hello_cljs/core.js
[0mCompiling "resources/public/js/compiled/hello_cljs.js" from ["src"]...
[32mSuccessfully compiled "resources/public/js/compiled/hello_cljs.js" in 0.07 seconds.[0m
notifying browser that file changed:  /hello_cljs/core.js
[0mCompiling "resources/public/js/compiled/hello_cljs.js" from ["src"]...
[32mSuccessfully compiled "resources/public/js/compiled/hello_cljs.js" in 0.071 seconds.[0m
notifying browser that file changed:  /hello_cljs/components.js
[0mCompiling "resources/public/js/compiled/hello_cljs.js" from ["src"]...
[32mSuccessfully compiled "resources/public/js/compiled/hello_cljs.js" in 0.079 seconds.[0m
notifying browser that file changed:  resources/public/js/compiled/out/cljs_deps.js
notifying browser that file changed:  /hello_cljs/core.js
[0mCompiling "resources/public/js/compiled/hello_cljs.js" from ["src"]...
[32mSuccessfully compiled "resources/public/js/compiled/hello_cljs.js" in 0.074 seconds.[0m
notifying browser that file changed:  resources/public/js/compiled/out/cljs_deps.js
notifying browser that file changed:  /hello_cljs/core.js
[0mCompiling "resources/public/js/compiled/hello_cljs.js" from ["src"]...
[32mSuccessfully compiled "resources/public/js/compiled/hello_cljs.js" in 0.07 seconds.[0m
notifying browser that file changed:  resources/public/js/compiled/out/cljs_deps.js
notifying browser that file changed:  /hello_cljs/components.js
sending changed CSS file: resources/public/css/style.css
Figwheel: focusing on build-ids (dev)
[0mCompiling "resources/public/js/compiled/hello_cljs.js" from ["src"]...
[32mSuccessfully compiled "resources/public/js/compiled/hello_cljs.js" in 0.126 seconds.[0m
notifying browser that file changed:  resources/public/js/compiled/out/goog/deps.js
notifying browser that file changed:  resources/public/js/compiled/out/cljs_deps.js
notifying browser that file changed:  /hello_cljs/components.js
notifying browser that file changed:  /hello_cljs/core.js
[0mCompiling "resources/public/js/compiled/hello_cljs.js" from ["src"]...
WARNING: Bad method signature in protocol implementation, om/IRender does not declare method called render at line 13 src/hello_cljs/components.cljs
WARNING: No such namespace: om, could not locate om.cljs, om.cljc, or Closure namespace "" at line 13 src/hello_cljs/components.cljs
WARNING: Use of undeclared Var om/IRender at line 13 src/hello_cljs/components.cljs
WARNING: Symbol om/IRender is not a protocol at line 13 src/hello_cljs/components.cljs
[32mSuccessfully compiled "resources/public/js/compiled/hello_cljs.js" in 0.288 seconds.[0m
notifying browser that file changed:  /hello_cljs/components.js
[0mCompiling "resources/public/js/compiled/hello_cljs.js" from ["src"]...
[32mSuccessfully compiled "resources/public/js/compiled/hello_cljs.js" in 0.114 seconds.[0m
notifying browser that file changed:  resources/public/js/compiled/out/cljs_deps.js
notifying browser that file changed:  /hello_cljs/components.js
[0mCompiling "resources/public/js/compiled/hello_cljs.js" from ["src"]...
[32mSuccessfully compiled "resources/public/js/compiled/hello_cljs.js" in 0.097 seconds.[0m
notifying browser that file changed:  resources/public/js/compiled/out/cljs_deps.js
notifying browser that file changed:  /hello_cljs/core.js
[0mCompiling "resources/public/js/compiled/hello_cljs.js" from ["src"]...
WARNING: Wrong number of args (1) passed to hello-cljs.components/my-widget at line 18 src/hello_cljs/core.cljs
[32mSuccessfully compiled "resources/public/js/compiled/hello_cljs.js" in 0.116 seconds.[0m
notifying browser that file changed:  /hello_cljs/core.js
[0mCompiling "resources/public/js/compiled/hello_cljs.js" from ["src"]...
WARNING: Wrong number of args (0) passed to hello-cljs.components/my-widget at line 18 src/hello_cljs/core.cljs
[32mSuccessfully compiled "resources/public/js/compiled/hello_cljs.js" in 0.109 seconds.[0m
notifying browser that file changed:  /hello_cljs/core.js
[0mCompiling "resources/public/js/compiled/hello_cljs.js" from ["src"]...
[32mSuccessfully compiled "resources/public/js/compiled/hello_cljs.js" in 0.088 seconds.[0m
notifying browser that file changed:  /hello_cljs/core.js
[0mCompiling "resources/public/js/compiled/hello_cljs.js" from ["src"]...
[32mSuccessfully compiled "resources/public/js/compiled/hello_cljs.js" in 5.196 seconds.[0m
notifying browser that file changed:  /hello_cljs/components.js
notifying browser that file changed:  /hello_cljs/core.js
[0mCompiling "resources/public/js/compiled/hello_cljs.js" from ["src"]...
[32mSuccessfully compiled "resources/public/js/compiled/hello_cljs.js" in 0.084 seconds.[0m
notifying browser that file changed:  /hello_cljs/core.js
Figwheel: focusing on build-ids (dev)
[0mCompiling "resources/public/js/compiled/hello_cljs.js" from ["src"]...
[32mSuccessfully compiled "resources/public/js/compiled/hello_cljs.js" in 0.118 seconds.[0m
notifying browser that file changed:  resources/public/js/compiled/out/goog/deps.js
notifying browser that file changed:  resources/public/js/compiled/out/cljs_deps.js
notifying browser that file changed:  /hello_cljs/components.js
notifying browser that file changed:  /hello_cljs/core.js
[0mCompiling "resources/public/js/compiled/hello_cljs.js" from ["src"]...
[32mSuccessfully compiled "resources/public/js/compiled/hello_cljs.js" in 0.111 seconds.[0m
notifying browser that file changed:  /hello_cljs/core.js
[0mCompiling "resources/public/js/compiled/hello_cljs.js" from ["src"]...
[32mSuccessfully compiled "resources/public/js/compiled/hello_cljs.js" in 0.085 seconds.[0m
notifying browser that file changed:  resources/public/js/compiled/out/cljs_deps.js
notifying browser that file changed:  /hello_cljs/core.js
[0mCompiling "resources/public/js/compiled/hello_cljs.js" from ["src"]...
[32mSuccessfully compiled "resources/public/js/compiled/hello_cljs.js" in 0.156 seconds.[0m
notifying browser that file changed:  resources/public/js/compiled/out/cljs_deps.js
notifying browser that file changed:  /hello_cljs/core.js
[0mCompiling "resources/public/js/compiled/hello_cljs.js" from ["src"]...
[32mSuccessfully compiled "resources/public/js/compiled/hello_cljs.js" in 0.089 seconds.[0m
notifying browser that file changed:  /hello_cljs/core.js
[0mCompiling "resources/public/js/compiled/hello_cljs.js" from ["src"]...
[32mSuccessfully compiled "resources/public/js/compiled/hello_cljs.js" in 0.152 seconds.[0m
notifying browser that file changed:  resources/public/js/compiled/out/cljs_deps.js
notifying browser that file changed:  /hello_cljs/core.js
[0mCompiling "resources/public/js/compiled/hello_cljs.js" from ["src"]...
[32mSuccessfully compiled "resources/public/js/compiled/hello_cljs.js" in 0.083 seconds.[0m
notifying browser that file changed:  resources/public/js/compiled/out/cljs_deps.js
notifying browser that file changed:  /hello_cljs/core.js
[0mCompiling "resources/public/js/compiled/hello_cljs.js" from ["src"]...
[32mSuccessfully compiled "resources/public/js/compiled/hello_cljs.js" in 0.089 seconds.[0m
notifying browser that file changed:  resources/public/js/compiled/out/cljs_deps.js
notifying browser that file changed:  /hello_cljs/core.js
[0mCompiling "resources/public/js/compiled/hello_cljs.js" from ["src"]...
[32mSuccessfully compiled "resources/public/js/compiled/hello_cljs.js" in 0.089 seconds.[0m
notifying browser that file changed:  /hello_cljs/core.js
[0mCompiling "resources/public/js/compiled/hello_cljs.js" from ["src"]...
[32mSuccessfully compiled "resources/public/js/compiled/hello_cljs.js" in 0.096 seconds.[0m
notifying browser that file changed:  /hello_cljs/core.js
[0mCompiling "resources/public/js/compiled/hello_cljs.js" from ["src"]...
[32mSuccessfully compiled "resources/public/js/compiled/hello_cljs.js" in 0.083 seconds.[0m
notifying browser that file changed:  resources/public/js/compiled/out/cljs_deps.js
notifying browser that file changed:  /hello_cljs/core.js
[0mCompiling "resources/public/js/compiled/hello_cljs.js" from ["src"]...
[32mSuccessfully compiled "resources/public/js/compiled/hello_cljs.js" in 0.089 seconds.[0m
notifying browser that file changed:  resources/public/js/compiled/out/cljs_deps.js
notifying browser that file changed:  /hello_cljs/core.js
[0mCompiling "resources/public/js/compiled/hello_cljs.js" from ["src"]...
[32mSuccessfully compiled "resources/public/js/compiled/hello_cljs.js" in 0.089 seconds.[0m
notifying browser that file changed:  resources/public/js/compiled/out/cljs_deps.js
notifying browser that file changed:  /hello_cljs/core.js
[0mCompiling "resources/public/js/compiled/hello_cljs.js" from ["src"]...
[32mSuccessfully compiled "resources/public/js/compiled/hello_cljs.js" in 0.083 seconds.[0m
notifying browser that file changed:  /hello_cljs/core.js
[0mCompiling "resources/public/js/compiled/hello_cljs.js" from ["src"]...
[31mCompiling "resources/public/js/compiled/hello_cljs.js" failed.[0m
clojure.lang.ExceptionInfo: failed compiling file:src/hello_cljs/core.cljs
 at clojure.core$ex_info.invoke (core.clj:4593)
    cljs.compiler$compile_file$fn__3059.invoke (compiler.cljc:1146)
    cljs.compiler$compile_file.invoke (compiler.cljc:1109)
    cljs.compiler$compile_root.invoke (compiler.cljc:1181)
    cljs.closure$compile_dir.invoke (closure.clj:385)
    cljs.closure$eval3467$fn__3468.invoke (closure.clj:425)
    cljs.closure$eval3420$fn__3421$G__3411__3428.invoke (closure.clj:331)
    cljs.closure$eval3480$fn__3481.invoke (closure.clj:439)
    cljs.closure$eval3420$fn__3421$G__3411__3428.invoke (closure.clj:331)
    clojurescript_build.core.CompilableSourcePaths/fn (core.clj:20)
    clojure.lang.PersistentVector.reduce (PersistentVector.java:333)
    clojure.core$reduce.invoke (core.clj:6518)
    clojurescript_build.core.CompilableSourcePaths._compile (core.clj:19)
    cljs.closure$build.invoke (closure.clj:1476)
    clojurescript_build.core$build_source_paths_STAR_.invoke (core.clj:160)
    figwheel_sidecar.auto_builder$default_build_options$fn__15558.invoke (auto_builder.clj:78)
    figwheel_sidecar.auto_builder$insert_figwheel_connect_script$fn__15604.invoke (auto_builder.clj:214)
    figwheel_sidecar.auto_builder$warning$fn__15555.invoke (auto_builder.clj:74)
    clojurescript_build.auto$time_build$fn__15351.invoke (auto.clj:55)
    clojurescript_build.auto$after$fn__15357.invoke (auto.clj:64)
    clojurescript_build.auto$after$fn__15357.invoke (auto.clj:64)
    clojurescript_build.auto$after$fn__15357.invoke (auto.clj:64)
    clojurescript_build.auto$error$fn__15360.invoke (auto.clj:71)
    clojurescript_build.auto$before$fn__15354.invoke (auto.clj:60)
    clojurescript_build.auto$make_conditional_builder$fn__15372.invoke (auto.clj:103)
    clojure.core$mapv$fn__6727.invoke (core.clj:6616)
    clojure.lang.PersistentVector.reduce (PersistentVector.java:333)
    clojure.core$reduce.invoke (core.clj:6518)
    clojure.core$mapv.invoke (core.clj:6616)
    clojurescript_build.auto$autobuild_STAR_$fn__15458$state_machine__9143__auto____15459$fn__15464.invoke (auto.clj:186)
[0mCompiling "resources/public/js/compiled/hello_cljs.js" from ["src"]...
[32mSuccessfully compiled "resources/public/js/compiled/hello_cljs.js" in 0.09 seconds.[0m
notifying browser that file changed:  resources/public/js/compiled/out/cljs_deps.js
notifying browser that file changed:  /hello_cljs/core.js
[0mCompiling "resources/public/js/compiled/hello_cljs.js" from ["src"]...
[32mSuccessfully compiled "resources/public/js/compiled/hello_cljs.js" in 0.149 seconds.[0m
notifying browser that file changed:  /hello_cljs/core.js
[0mCompiling "resources/public/js/compiled/hello_cljs.js" from ["src"]...
[32mSuccessfully compiled "resources/public/js/compiled/hello_cljs.js" in 0.079 seconds.[0m
notifying browser that file changed:  /hello_cljs/core.js
[0mCompiling "resources/public/js/compiled/hello_cljs.js" from ["src"]...
[32mSuccessfully compiled "resources/public/js/compiled/hello_cljs.js" in 0.087 seconds.[0m
notifying browser that file changed:  resources/public/js/compiled/out/cljs_deps.js
notifying browser that file changed:  /hello_cljs/core.js
[0mCompiling "resources/public/js/compiled/hello_cljs.js" from ["src"]...
[32mSuccessfully compiled "resources/public/js/compiled/hello_cljs.js" in 0.1 seconds.[0m
notifying browser that file changed:  /hello_cljs/components.js
[0mCompiling "resources/public/js/compiled/hello_cljs.js" from ["src"]...
[32mSuccessfully compiled "resources/public/js/compiled/hello_cljs.js" in 0.089 seconds.[0m
notifying browser that file changed:  resources/public/js/compiled/out/cljs_deps.js
notifying browser that file changed:  /hello_cljs/core.js
[0mCompiling "resources/public/js/compiled/hello_cljs.js" from ["src"]...
[32mSuccessfully compiled "resources/public/js/compiled/hello_cljs.js" in 0.101 seconds.[0m
notifying browser that file changed:  /hello_cljs/core.js
[0mCompiling "resources/public/js/compiled/hello_cljs.js" from ["src"]...
[32mSuccessfully compiled "resources/public/js/compiled/hello_cljs.js" in 0.145 seconds.[0m
notifying browser that file changed:  /hello_cljs/components.js
[0mCompiling "resources/public/js/compiled/hello_cljs.js" from ["src"]...
[31mCompiling "resources/public/js/compiled/hello_cljs.js" failed.[0m
ERROR: Unmatched delimiter ) on file /Users/ddinh/workspace/learn/clojure/dd/hello-cljs/src/hello_cljs/core.cljs, line 23, column 20
[0mCompiling "resources/public/js/compiled/hello_cljs.js" from ["src"]...
[32mSuccessfully compiled "resources/public/js/compiled/hello_cljs.js" in 0.102 seconds.[0m
notifying browser that file changed:  /hello_cljs/core.js
[0mCompiling "resources/public/js/compiled/hello_cljs.js" from ["src"]...
[32mSuccessfully compiled "resources/public/js/compiled/hello_cljs.js" in 0.088 seconds.[0m
notifying browser that file changed:  /hello_cljs/core.js
[0mCompiling "resources/public/js/compiled/hello_cljs.js" from ["src"]...
[32mSuccessfully compiled "resources/public/js/compiled/hello_cljs.js" in 0.105 seconds.[0m
notifying browser that file changed:  resources/public/js/compiled/out/cljs_deps.js
notifying browser that file changed:  /hello_cljs/components.js
[0mCompiling "resources/public/js/compiled/hello_cljs.js" from ["src"]...
[32mSuccessfully compiled "resources/public/js/compiled/hello_cljs.js" in 0.099 seconds.[0m
notifying browser that file changed:  /hello_cljs/components.js
[0mCompiling "resources/public/js/compiled/hello_cljs.js" from ["src"]...
[32mSuccessfully compiled "resources/public/js/compiled/hello_cljs.js" in 0.139 seconds.[0m
notifying browser that file changed:  resources/public/js/compiled/out/cljs_deps.js
notifying browser that file changed:  /hello_cljs/core.js
[0mCompiling "resources/public/js/compiled/hello_cljs.js" from ["src"]...
[32mSuccessfully compiled "resources/public/js/compiled/hello_cljs.js" in 0.09 seconds.[0m
notifying browser that file changed:  /hello_cljs/core.js
[0mCompiling "resources/public/js/compiled/hello_cljs.js" from ["src"]...
[32mSuccessfully compiled "resources/public/js/compiled/hello_cljs.js" in 0.091 seconds.[0m
notifying browser that file changed:  /hello_cljs/core.js
[0mCompiling "resources/public/js/compiled/hello_cljs.js" from ["src"]...
[32mSuccessfully compiled "resources/public/js/compiled/hello_cljs.js" in 0.155 seconds.[0m
notifying browser that file changed:  resources/public/js/compiled/out/cljs_deps.js
notifying browser that file changed:  /hello_cljs/components.js
[0mCompiling "resources/public/js/compiled/hello_cljs.js" from ["src"]...
[32mSuccessfully compiled "resources/public/js/compiled/hello_cljs.js" in 0.092 seconds.[0m
notifying browser that file changed:  /hello_cljs/core.js
[0mCompiling "resources/public/js/compiled/hello_cljs.js" from ["src"]...
[32mSuccessfully compiled "resources/public/js/compiled/hello_cljs.js" in 0.09 seconds.[0m
notifying browser that file changed:  /hello_cljs/core.js
[0mCompiling "resources/public/js/compiled/hello_cljs.js" from ["src"]...
[32mSuccessfully compiled "resources/public/js/compiled/hello_cljs.js" in 0.089 seconds.[0m
notifying browser that file changed:  /hello_cljs/core.js
[0mCompiling "resources/public/js/compiled/hello_cljs.js" from ["src"]...
[32mSuccessfully compiled "resources/public/js/compiled/hello_cljs.js" in 0.094 seconds.[0m
notifying browser that file changed:  resources/public/js/compiled/out/cljs_deps.js
notifying browser that file changed:  /hello_cljs/core.js
[0mCompiling "resources/public/js/compiled/hello_cljs.js" from ["src"]...
[32mSuccessfully compiled "resources/public/js/compiled/hello_cljs.js" in 0.092 seconds.[0m
notifying browser that file changed:  resources/public/js/compiled/out/cljs_deps.js
notifying browser that file changed:  /hello_cljs/core.js
[0mCompiling "resources/public/js/compiled/hello_cljs.js" from ["src"]...
[32mSuccessfully compiled "resources/public/js/compiled/hello_cljs.js" in 0.091 seconds.[0m
notifying browser that file changed:  /hello_cljs/core.js
[0mCompiling "resources/public/js/compiled/hello_cljs.js" from ["src"]...
WARNING: Wrong number of args (1) passed to cljs.core/apply at line 29 src/hello_cljs/components.cljs
[32mSuccessfully compiled "resources/public/js/compiled/hello_cljs.js" in 0.132 seconds.[0m
notifying browser that file changed:  resources/public/js/compiled/out/cljs_deps.js
notifying browser that file changed:  /hello_cljs/components.js
[0mCompiling "resources/public/js/compiled/hello_cljs.js" from ["src"]...
WARNING: No such namespace: s, could not locate s.cljs, s.cljc, or Closure namespace "" at line 19 src/hello_cljs/core.cljs
WARNING: Use of undeclared Var s/html at line 19 src/hello_cljs/core.cljs
WARNING: No such namespace: s, could not locate s.cljs, s.cljc, or Closure namespace "" at line 28 src/hello_cljs/core.cljs
WARNING: Use of undeclared Var s/html at line 28 src/hello_cljs/core.cljs
[32mSuccessfully compiled "resources/public/js/compiled/hello_cljs.js" in 0.146 seconds.[0m
notifying browser that file changed:  resources/public/js/compiled/out/cljs_deps.js
notifying browser that file changed:  /hello_cljs/core.js
[0mCompiling "resources/public/js/compiled/hello_cljs.js" from ["src"]...
[32mSuccessfully compiled "resources/public/js/compiled/hello_cljs.js" in 0.092 seconds.[0m
notifying browser that file changed:  resources/public/js/compiled/out/cljs_deps.js
notifying browser that file changed:  /hello_cljs/core.js
[0mCompiling "resources/public/js/compiled/hello_cljs.js" from ["src"]...
WARNING: Wrong number of args (1) passed to cljs.core/apply at line 29 src/hello_cljs/components.cljs
[32mSuccessfully compiled "resources/public/js/compiled/hello_cljs.js" in 0.123 seconds.[0m
notifying browser that file changed:  resources/public/js/compiled/out/cljs_deps.js
notifying browser that file changed:  /hello_cljs/components.js
[0mCompiling "resources/public/js/compiled/hello_cljs.js" from ["src"]...
[32mSuccessfully compiled "resources/public/js/compiled/hello_cljs.js" in 0.107 seconds.[0m
notifying browser that file changed:  /hello_cljs/components.js
[0mCompiling "resources/public/js/compiled/hello_cljs.js" from ["src"]...
[32mSuccessfully compiled "resources/public/js/compiled/hello_cljs.js" in 0.087 seconds.[0m
notifying browser that file changed:  resources/public/js/compiled/out/cljs_deps.js
notifying browser that file changed:  /hello_cljs/core.js
[0mCompiling "resources/public/js/compiled/hello_cljs.js" from ["src"]...
[32mSuccessfully compiled "resources/public/js/compiled/hello_cljs.js" in 0.094 seconds.[0m
notifying browser that file changed:  /hello_cljs/core.js
[0mCompiling "resources/public/js/compiled/hello_cljs.js" from ["src"]...
[32mSuccessfully compiled "resources/public/js/compiled/hello_cljs.js" in 0.104 seconds.[0m
notifying browser that file changed:  /hello_cljs/components.js
[0mCompiling "resources/public/js/compiled/hello_cljs.js" from ["src"]...
[31mCompiling "resources/public/js/compiled/hello_cljs.js" failed.[0m
clojure.lang.ExceptionInfo: failed compiling file:src/hello_cljs/core.cljs
 at clojure.core$ex_info.invoke (core.clj:4593)
    cljs.compiler$compile_file$fn__3059.invoke (compiler.cljc:1146)
    cljs.compiler$compile_file.invoke (compiler.cljc:1109)
    cljs.compiler$compile_root.invoke (compiler.cljc:1181)
    cljs.closure$compile_dir.invoke (closure.clj:385)
    cljs.closure$eval3467$fn__3468.invoke (closure.clj:425)
    cljs.closure$eval3420$fn__3421$G__3411__3428.invoke (closure.clj:331)
    cljs.closure$eval3480$fn__3481.invoke (closure.clj:439)
    cljs.closure$eval3420$fn__3421$G__3411__3428.invoke (closure.clj:331)
    clojurescript_build.core.CompilableSourcePaths/fn (core.clj:20)
    clojure.lang.PersistentVector.reduce (PersistentVector.java:333)
    clojure.core$reduce.invoke (core.clj:6518)
    clojurescript_build.core.CompilableSourcePaths._compile (core.clj:19)
    cljs.closure$build.invoke (closure.clj:1476)
    clojurescript_build.core$build_source_paths_STAR_.invoke (core.clj:160)
    figwheel_sidecar.auto_builder$default_build_options$fn__15558.invoke (auto_builder.clj:78)
    figwheel_sidecar.auto_builder$insert_figwheel_connect_script$fn__15604.invoke (auto_builder.clj:214)
    figwheel_sidecar.auto_builder$warning$fn__15555.invoke (auto_builder.clj:74)
    clojurescript_build.auto$time_build$fn__15351.invoke (auto.clj:55)
    clojurescript_build.auto$after$fn__15357.invoke (auto.clj:64)
    clojurescript_build.auto$after$fn__15357.invoke (auto.clj:64)
    clojurescript_build.auto$after$fn__15357.invoke (auto.clj:64)
    clojurescript_build.auto$error$fn__15360.invoke (auto.clj:71)
    clojurescript_build.auto$before$fn__15354.invoke (auto.clj:60)
    clojurescript_build.auto$make_conditional_builder$fn__15372.invoke (auto.clj:103)
    clojure.core$mapv$fn__6727.invoke (core.clj:6616)
    clojure.lang.PersistentVector.reduce (PersistentVector.java:333)
    clojure.core$reduce.invoke (core.clj:6518)
    clojure.core$mapv.invoke (core.clj:6616)
    clojurescript_build.auto$autobuild_STAR_$fn__15458$state_machine__9143__auto____15459$fn__15464.invoke (auto.clj:186)
[0mCompiling "resources/public/js/compiled/hello_cljs.js" from ["src"]...
[31mCompiling "resources/public/js/compiled/hello_cljs.js" failed.[0m
clojure.lang.ExceptionInfo: failed compiling file:src/hello_cljs/core.cljs
 at clojure.core$ex_info.invoke (core.clj:4593)
    cljs.compiler$compile_file$fn__3059.invoke (compiler.cljc:1146)
    cljs.compiler$compile_file.invoke (compiler.cljc:1109)
    cljs.compiler$compile_root.invoke (compiler.cljc:1181)
    cljs.closure$compile_dir.invoke (closure.clj:385)
    cljs.closure$eval3467$fn__3468.invoke (closure.clj:425)
    cljs.closure$eval3420$fn__3421$G__3411__3428.invoke (closure.clj:331)
    cljs.closure$eval3480$fn__3481.invoke (closure.clj:439)
    cljs.closure$eval3420$fn__3421$G__3411__3428.invoke (closure.clj:331)
    clojurescript_build.core.CompilableSourcePaths/fn (core.clj:20)
    clojure.lang.PersistentVector.reduce (PersistentVector.java:333)
    clojure.core$reduce.invoke (core.clj:6518)
    clojurescript_build.core.CompilableSourcePaths._compile (core.clj:19)
    cljs.closure$build.invoke (closure.clj:1476)
    clojurescript_build.core$build_source_paths_STAR_.invoke (core.clj:160)
    figwheel_sidecar.auto_builder$default_build_options$fn__15558.invoke (auto_builder.clj:78)
    figwheel_sidecar.auto_builder$insert_figwheel_connect_script$fn__15604.invoke (auto_builder.clj:214)
    figwheel_sidecar.auto_builder$warning$fn__15555.invoke (auto_builder.clj:74)
    clojurescript_build.auto$time_build$fn__15351.invoke (auto.clj:55)
    clojurescript_build.auto$after$fn__15357.invoke (auto.clj:64)
    clojurescript_build.auto$after$fn__15357.invoke (auto.clj:64)
    clojurescript_build.auto$after$fn__15357.invoke (auto.clj:64)
    clojurescript_build.auto$error$fn__15360.invoke (auto.clj:71)
    clojurescript_build.auto$before$fn__15354.invoke (auto.clj:60)
    clojurescript_build.auto$make_conditional_builder$fn__15372.invoke (auto.clj:103)
    clojure.core$mapv$fn__6727.invoke (core.clj:6616)
    clojure.lang.PersistentVector.reduce (PersistentVector.java:333)
    clojure.core$reduce.invoke (core.clj:6518)
    clojure.core$mapv.invoke (core.clj:6616)
    clojurescript_build.auto$autobuild_STAR_$fn__15458$state_machine__9143__auto____15459$fn__15464.invoke (auto.clj:186)
[0mCompiling "resources/public/js/compiled/hello_cljs.js" from ["src"]...
[32mSuccessfully compiled "resources/public/js/compiled/hello_cljs.js" in 0.121 seconds.[0m
notifying browser that file changed:  /hello_cljs/core.js
[0mCompiling "resources/public/js/compiled/hello_cljs.js" from ["src"]...
[32mSuccessfully compiled "resources/public/js/compiled/hello_cljs.js" in 0.136 seconds.[0m
notifying browser that file changed:  resources/public/js/compiled/out/cljs_deps.js
notifying browser that file changed:  /hello_cljs/core.js
[0mCompiling "resources/public/js/compiled/hello_cljs.js" from ["src"]...
[32mSuccessfully compiled "resources/public/js/compiled/hello_cljs.js" in 0.108 seconds.[0m
notifying browser that file changed:  resources/public/js/compiled/out/cljs_deps.js
notifying browser that file changed:  /hello_cljs/components.js
[0mCompiling "resources/public/js/compiled/hello_cljs.js" from ["src"]...
[32mSuccessfully compiled "resources/public/js/compiled/hello_cljs.js" in 0.099 seconds.[0m
notifying browser that file changed:  resources/public/js/compiled/out/cljs_deps.js
notifying browser that file changed:  /hello_cljs/core.js
[0mCompiling "resources/public/js/compiled/hello_cljs.js" from ["src"]...
WARNING: Use of undeclared Var hello-cljs.components/stripe at line 30 src/hello_cljs/components.cljs
[32mSuccessfully compiled "resources/public/js/compiled/hello_cljs.js" in 0.125 seconds.[0m
notifying browser that file changed:  resources/public/js/compiled/out/cljs_deps.js
notifying browser that file changed:  /hello_cljs/components.js
[0mCompiling "resources/public/js/compiled/hello_cljs.js" from ["src"]...
WARNING: Use of undeclared Var hello-cljs.components/stripe at line 30 src/hello_cljs/components.cljs
[32mSuccessfully compiled "resources/public/js/compiled/hello_cljs.js" in 0.129 seconds.[0m
notifying browser that file changed:  /hello_cljs/components.js
[0mCompiling "resources/public/js/compiled/hello_cljs.js" from ["src"]...
WARNING: Use of undeclared Var cljs.core/defn at line 26 src/hello_cljs/components.cljs
WARNING: Use of undeclared Var hello-cljs.components/animals at line 26 src/hello_cljs/components.cljs
WARNING: Use of undeclared Var hello-cljs.components/data at line 26 src/hello_cljs/components.cljs
WARNING: Use of undeclared Var hello-cljs.components/owner at line 26 src/hello_cljs/components.cljs
WARNING: Use of undeclared Var hello-cljs.components/stripe at line 30 src/hello_cljs/components.cljs
WARNING: Use of undeclared Var hello-cljs.components/data at line 30 src/hello_cljs/components.cljs
[32mSuccessfully compiled "resources/public/js/compiled/hello_cljs.js" in 0.185 seconds.[0m
notifying browser that file changed:  /hello_cljs/components.js
Figwheel: focusing on build-ids (dev)
[0mCompiling "resources/public/js/compiled/hello_cljs.js" from ["src"]...
[32mSuccessfully compiled "resources/public/js/compiled/hello_cljs.js" in 0.137 seconds.[0m
notifying browser that file changed:  resources/public/js/compiled/out/goog/deps.js
notifying browser that file changed:  resources/public/js/compiled/out/cljs_deps.js
notifying browser that file changed:  /hello_cljs/components.js
notifying browser that file changed:  /hello_cljs/core.js
[0mCompiling "resources/public/js/compiled/hello_cljs.js" from ["src"]...
[32mSuccessfully compiled "resources/public/js/compiled/hello_cljs.js" in 0.123 seconds.[0m
notifying browser that file changed:  /hello_cljs/core.js
[0mCompiling "resources/public/js/compiled/hello_cljs.js" from ["src"]...
[32mSuccessfully compiled "resources/public/js/compiled/hello_cljs.js" in 0.142 seconds.[0m
notifying browser that file changed:  /hello_cljs/core.js
sending changed CSS file: resources/public/css/style.css
[0mCompiling "resources/public/js/compiled/hello_cljs.js" from ["src"]...
WARNING: Use of undeclared Var hello-cljs.components/stripe at line 33 src/hello_cljs/components.cljs
[32mSuccessfully compiled "resources/public/js/compiled/hello_cljs.js" in 0.176 seconds.[0m
notifying browser that file changed:  resources/public/js/compiled/out/cljs_deps.js
notifying browser that file changed:  /hello_cljs/components.js
[0mCompiling "resources/public/js/compiled/hello_cljs.js" from ["src"]...
[32mSuccessfully compiled "resources/public/js/compiled/hello_cljs.js" in 0.141 seconds.[0m
notifying browser that file changed:  resources/public/js/compiled/out/cljs_deps.js
notifying browser that file changed:  /hello_cljs/components.js
[0mCompiling "resources/public/js/compiled/hello_cljs.js" from ["src"]...
[32mSuccessfully compiled "resources/public/js/compiled/hello_cljs.js" in 0.147 seconds.[0m
notifying browser that file changed:  /hello_cljs/components.js
